Info: Starting: Create block symbol file (.bsf)
Info: ip-generate --project-directory=/home/pcmonkey/fff/ --output-directory=/home/pcmonkey/fff/nios2_c/ --report-file=bsf:/home/pcmonkey/fff/nios2_c.bsf --system-info=DEVICE_FAMILY="Cyclone V" --system-info=DEVICE=5CGXFC5C6F27C6 --system-info=DEVICE_SPEEDGRADE=6_H6 --component-file=/home/pcmonkey/fff/nios2_c.qsys
Progress: Loading fff/nios2_c.qsys
Progress: Reading input file
Progress: Adding clk_0 [clock_source 13.1]
Progress: Parameterizing module clk_0
Progress: Adding cpu [altera_nios2_qsys 13.1]
Progress: Parameterizing module cpu
Progress: Adding tightly_coupled_instruction_memory [altera_avalon_onchip_memory2 13.1]
Progress: Parameterizing module tightly_coupled_instruction_memory
Progress: Adding pll_100 [altera_pll 13.1]
Progress: Parameterizing module pll_100
Progress: Adding jtag_uart [altera_avalon_jtag_uart 13.1]
Progress: Parameterizing module jtag_uart
Progress: Adding sysid_qsys_0 [altera_avalon_sysid_qsys 13.1]
Progress: Parameterizing module sysid_qsys_0
Progress: Adding mm_clock_crossing_bridge_0 [altera_avalon_mm_clock_crossing_bridge 13.1]
Progress: Parameterizing module mm_clock_crossing_bridge_0
Progress: Adding tightly_coupled_data_memory [altera_avalon_onchip_memory2 13.1]
Progress: Parameterizing module tightly_coupled_data_memory
Progress: Adding key [altera_avalon_pio 13.1]
Progress: Parameterizing module key
Progress: Adding timer_0 [altera_avalon_timer 13.1]
Progress: Parameterizing module timer_0
Progress: Adding ledg [altera_avalon_pio 13.1]
Progress: Parameterizing module ledg
Progress: Adding to_hex [altera_avalon_pio 13.1]
Progress: Parameterizing module to_hex
Progress: Building connections
Progress: Parameterizing connections
Progress: Validating
Progress: Done reading input file
Info: nios2_c.pll_100: The legal reference clock frequency is 5.0 MHz..800.0 MHz
Info: nios2_c.pll_100: Able to implement PLL with user settings
Info: nios2_c.sysid_qsys_0: System ID is not assigned automatically. Edit the System ID parameter to provide a unique ID
Info: nios2_c.sysid_qsys_0: Time stamp will be automatically updated when this component is generated.
Info: nios2_c.key: PIO inputs are not hardwired in test bench. Undefined values will be read from PIO inputs during simulation.
Info: ip-generate succeeded.
Info: Finished: Create block symbol file (.bsf)
Info: 
Info: Starting: Create HDL design files for synthesis
Info: ip-generate --project-directory=/home/pcmonkey/fff/ --output-directory=/home/pcmonkey/fff/nios2_c/synthesis/ --file-set=QUARTUS_SYNTH --report-file=html:/home/pcmonkey/fff/nios2_c.html --report-file=sopcinfo:/home/pcmonkey/fff/nios2_c.sopcinfo --report-file=cmp:/home/pcmonkey/fff/nios2_c.cmp --report-file=qip:/home/pcmonkey/fff/nios2_c/synthesis/nios2_c.qip --report-file=svd --report-file=regmap:/home/pcmonkey/fff/nios2_c/synthesis/nios2_c.regmap --report-file=debuginfo:/home/pcmonkey/fff/nios2_c/synthesis/nios2_c.debuginfo --system-info=DEVICE_FAMILY="Cyclone V" --system-info=DEVICE=5CGXFC5C6F27C6 --system-info=DEVICE_SPEEDGRADE=6_H6 --component-file=/home/pcmonkey/fff/nios2_c.qsys --language=VHDL
Progress: Loading fff/nios2_c.qsys
Progress: Reading input file
Progress: Adding clk_0 [clock_source 13.1]
Progress: Parameterizing module clk_0
Progress: Adding cpu [altera_nios2_qsys 13.1]
Progress: Parameterizing module cpu
Progress: Adding tightly_coupled_instruction_memory [altera_avalon_onchip_memory2 13.1]
Progress: Parameterizing module tightly_coupled_instruction_memory
Progress: Adding pll_100 [altera_pll 13.1]
Progress: Parameterizing module pll_100
Progress: Adding jtag_uart [altera_avalon_jtag_uart 13.1]
Progress: Parameterizing module jtag_uart
Progress: Adding sysid_qsys_0 [altera_avalon_sysid_qsys 13.1]
Progress: Parameterizing module sysid_qsys_0
Progress: Adding mm_clock_crossing_bridge_0 [altera_avalon_mm_clock_crossing_bridge 13.1]
Progress: Parameterizing module mm_clock_crossing_bridge_0
Progress: Adding tightly_coupled_data_memory [altera_avalon_onchip_memory2 13.1]
Progress: Parameterizing module tightly_coupled_data_memory
Progress: Adding key [altera_avalon_pio 13.1]
Progress: Parameterizing module key
Progress: Adding timer_0 [altera_avalon_timer 13.1]
Progress: Parameterizing module timer_0
Progress: Adding ledg [altera_avalon_pio 13.1]
Progress: Parameterizing module ledg
Progress: Adding to_hex [altera_avalon_pio 13.1]
Progress: Parameterizing module to_hex
Progress: Building connections
Progress: Parameterizing connections
Progress: Validating
Progress: Done reading input file
Info: nios2_c.pll_100: The legal reference clock frequency is 5.0 MHz..800.0 MHz
Info: nios2_c.pll_100: Able to implement PLL with user settings
Info: nios2_c.sysid_qsys_0: System ID is not assigned automatically. Edit the System ID parameter to provide a unique ID
Info: nios2_c.sysid_qsys_0: Time stamp will be automatically updated when this component is generated.
Info: nios2_c.key: PIO inputs are not hardwired in test bench. Undefined values will be read from PIO inputs during simulation.
Info: nios2_c: Generating nios2_c "nios2_c" for QUARTUS_SYNTH
Info: pipeline_bridge_swap_transform: After transform: 12 modules, 49 connections
Info: No custom instruction connections, skipping transform 
Info: merlin_initial_interconnect_transform: After transform: 7 modules, 20 connections
Info: merlin_translator_transform: After transform: 14 modules, 46 connections
Info: merlin_domain_transform: After transform: 29 modules, 133 connections
Info: merlin_router_transform: After transform: 36 modules, 159 connections
Info: merlin_traffic_limiter_transform: After transform: 38 modules, 169 connections
Info: merlin_burst_transform: After transform: 43 modules, 187 connections
Info: merlin_network_to_switch_transform: After transform: 56 modules, 220 connections
Info: Inserting clock-crossing logic between cmd_xbar_demux.src1 and cmd_xbar_mux_001.sink0
Info: Inserting clock-crossing logic between cmd_xbar_demux_001.src1 and cmd_xbar_mux_001.sink1
Info: Inserting clock-crossing logic between cmd_xbar_demux_001.src3 and cmd_xbar_mux_003.sink0
Info: Inserting clock-crossing logic between rsp_xbar_demux_001.src0 and rsp_xbar_mux.sink1
Info: Inserting clock-crossing logic between rsp_xbar_demux_001.src1 and rsp_xbar_mux_001.sink1
Info: Inserting clock-crossing logic between rsp_xbar_demux_003.src0 and rsp_xbar_mux_001.sink3
Info: com_altera_sopcmodel_transforms_avalon_ClockCrossingTransform: After transform: 62 modules, 260 connections
Info: limiter_update_transform: After transform: 62 modules, 262 connections
Info: merlin_clock_and_reset_bridge_transform: After transform: 68 modules, 334 connections
Info: merlin_hierarchy_transform: After transform: 13 modules, 57 connections
Info: merlin_initial_interconnect_transform: After transform: 7 modules, 15 connections
Info: merlin_translator_transform: After transform: 12 modules, 31 connections
Info: merlin_domain_transform: After transform: 22 modules, 84 connections
Info: merlin_router_transform: After transform: 27 modules, 100 connections
Info: merlin_traffic_limiter_transform: After transform: 28 modules, 105 connections
Info: merlin_network_to_switch_transform: After transform: 37 modules, 124 connections
Info: limiter_update_transform: After transform: 37 modules, 125 connections
Info: merlin_clock_and_reset_bridge_transform: After transform: 40 modules, 163 connections
Info: merlin_hierarchy_transform: After transform: 14 modules, 62 connections
Info: merlin_initial_interconnect_transform: After transform: 3 modules, 7 connections
Info: merlin_translator_transform: After transform: 5 modules, 15 connections
Info: merlin_clock_and_reset_bridge_transform: After transform: 7 modules, 21 connections
Info: merlin_hierarchy_transform: After transform: 15 modules, 66 connections
Info: merlin_initial_interconnect_transform: After transform: 3 modules, 7 connections
Info: merlin_translator_transform: After transform: 5 modules, 15 connections
Info: merlin_clock_and_reset_bridge_transform: After transform: 7 modules, 21 connections
Info: merlin_hierarchy_transform: After transform: 16 modules, 70 connections
Info: merlin_mm_transform: After transform: 16 modules, 70 connections
Info: merlin_interrupt_mapper_transform: After transform: 17 modules, 74 connections
Info: merlin_interrupt_sync_transform: After transform: 18 modules, 81 connections
Info: reset_adaptation_transform: After transform: 24 modules, 93 connections
Info: cpu: Starting RTL generation for module 'nios2_c_cpu'
Info: cpu:   Generation command is [exec /home/pcmonkey/altera/13.1/quartus/linux/eperlcmd -I /home/pcmonkey/altera/13.1/quartus/linux/perl/lib -I /home/pcmonkey/altera/13.1/quartus/sopc_builder/bin/europa -I /home/pcmonkey/altera/13.1/quartus/sopc_builder/bin/perl_lib -I /home/pcmonkey/altera/13.1/quartus/sopc_builder/bin -I /home/pcmonkey/altera/13.1/quartus/../ip/altera/nios2_ip/altera_nios2/cpu_lib -I /home/pcmonkey/altera/13.1/quartus/../ip/altera/nios2_ip/altera_nios2/nios_lib -I /home/pcmonkey/altera/13.1/quartus/../ip/altera/nios2_ip/altera_nios2 -I /home/pcmonkey/altera/13.1/quartus/../ip/altera/nios2_ip/altera_nios2 -- /home/pcmonkey/altera/13.1/quartus/../ip/altera/nios2_ip/altera_nios2/generate_rtl.epl --name=nios2_c_cpu --dir=/tmp/alt6243_4440888791794096497.dir/0001_cpu_gen/ --quartus_dir=/home/pcmonkey/altera/13.1/quartus --verilog --config=/tmp/alt6243_4440888791794096497.dir/0001_cpu_gen//nios2_c_cpu_processor_configuration.pl  --do_build_sim=0  ]
Info: cpu: # 2014.06.22 14:25:01 (*) Starting Nios II generation
Info: cpu: # 2014.06.22 14:25:01 (*)   Checking for plaintext license.
Info: cpu: # 2014.06.22 14:25:03 (*)   Couldn't query license setup in Quartus directory /home/pcmonkey/altera/13.1/quartus
Info: cpu: # 2014.06.22 14:25:03 (*)   Defaulting to contents of LM_LICENSE_FILE environment variable
Info: cpu: # 2014.06.22 14:25:03 (*)   LM_LICENSE_FILE environment variable is empty
Info: cpu: # 2014.06.22 14:25:03 (*)   Plaintext license not found.
Info: cpu: # 2014.06.22 14:25:03 (*)   Checking for encrypted license (non-evaluation).
Info: cpu: # 2014.06.22 14:25:05 (*)   Couldn't query license setup in Quartus directory /home/pcmonkey/altera/13.1/quartus
Info: cpu: # 2014.06.22 14:25:05 (*)   Defaulting to contents of LM_LICENSE_FILE environment variable
Info: cpu: # 2014.06.22 14:25:05 (*)   LM_LICENSE_FILE environment variable is empty
Info: cpu: # 2014.06.22 14:25:05 (*)   Encrypted license not found.  Defaulting to OCP evaluation license (produces a time-limited SOF)
Info: cpu: # 2014.06.22 14:25:05 (*)   Elaborating CPU configuration settings
Info: cpu: # 2014.06.22 14:25:05 (*)   Creating all objects for CPU
Info: cpu: # 2014.06.22 14:25:05 (*)     Testbench
Info: cpu: # 2014.06.22 14:25:06 (*)     Instruction decoding
Info: cpu: # 2014.06.22 14:25:06 (*)       Instruction fields
Info: cpu: # 2014.06.22 14:25:06 (*)       Instruction decodes
Info: cpu: # 2014.06.22 14:25:07 (*)       Signals for RTL simulation waveforms
Info: cpu: # 2014.06.22 14:25:07 (*)       Instruction controls
Info: cpu: # 2014.06.22 14:25:07 (*)     Pipeline frontend
Info: cpu: # 2014.06.22 14:25:07 (*)     Pipeline backend
Info: cpu: # 2014.06.22 14:25:08 (*)   Master tightly_coupled_data_master_0 address range (0x40000, 0x44e1f) overlaps with master data_master address range (0x20000, 0x1ffffff)
Info: cpu: # 2014.06.22 14:25:08 (*)   Master data_master address range (0x20000, 0x1ffffff) overlaps with master tightly_coupled_data_master_0 address range (0x40000, 0x44e1f)
Info: cpu: # 2014.06.22 14:25:08 (*)   Generating non-optimal tightly-coupled master logic due to overlap
Info: cpu: # 2014.06.22 14:25:10 (*)   Generating RTL from CPU objects
Info: cpu: # 2014.06.22 14:25:15 (*)   Creating encrypted RTL
Info: cpu: # 2014.06.22 14:25:16 (*) Done Nios II generation
Info: cpu: Done RTL generation for module 'nios2_c_cpu'
Info: cpu: "nios2_c" instantiated altera_nios2_qsys "cpu"
Info: tightly_coupled_instruction_memory: Starting RTL generation for module 'nios2_c_tightly_coupled_instruction_memory'
Info: tightly_coupled_instruction_memory:   Generation command is [exec /home/pcmonkey/altera/13.1/quartus/linux/perl/bin/perl -I /home/pcmonkey/altera/13.1/quartus/linux/perl/lib -I /home/pcmonkey/altera/13.1/quartus/sopc_builder/bin/europa -I /home/pcmonkey/altera/13.1/quartus/sopc_builder/bin/perl_lib -I /home/pcmonkey/altera/13.1/quartus/sopc_builder/bin -I /home/pcmonkey/altera/13.1/quartus/../ip/altera/sopc_builder_ip/common -I /home/pcmonkey/altera/13.1/quartus/../ip/altera/sopc_builder_ip/altera_avalon_onchip_memory2 -- /home/pcmonkey/altera/13.1/quartus/../ip/altera/sopc_builder_ip/altera_avalon_onchip_memory2/generate_rtl.pl --name=nios2_c_tightly_coupled_instruction_memory --dir=/tmp/alt6243_4440888791794096497.dir/0002_tightly_coupled_instruction_memory_gen/ --quartus_dir=/home/pcmonkey/altera/13.1/quartus --verilog --config=/tmp/alt6243_4440888791794096497.dir/0002_tightly_coupled_instruction_memory_gen//nios2_c_tightly_coupled_instruction_memory_component_configuration.pl  --do_build_sim=0  ]
Info: tightly_coupled_instruction_memory: Done RTL generation for module 'nios2_c_tightly_coupled_instruction_memory'
Info: tightly_coupled_instruction_memory: "nios2_c" instantiated altera_avalon_onchip_memory2 "tightly_coupled_instruction_memory"
Info: pll_100: "nios2_c" instantiated altera_pll "pll_100"
Info: jtag_uart: Starting RTL generation for module 'nios2_c_jtag_uart'
Info: jtag_uart:   Generation command is [exec /home/pcmonkey/altera/13.1/quartus/linux/perl/bin/perl -I /home/pcmonkey/altera/13.1/quartus/linux/perl/lib -I /home/pcmonkey/altera/13.1/quartus/sopc_builder/bin/europa -I /home/pcmonkey/altera/13.1/quartus/sopc_builder/bin/perl_lib -I /home/pcmonkey/altera/13.1/quartus/sopc_builder/bin -I /home/pcmonkey/altera/13.1/quartus/../ip/altera/sopc_builder_ip/common -I /home/pcmonkey/altera/13.1/quartus/../ip/altera/sopc_builder_ip/altera_avalon_jtag_uart -- /home/pcmonkey/altera/13.1/quartus/../ip/altera/sopc_builder_ip/altera_avalon_jtag_uart/generate_rtl.pl --name=nios2_c_jtag_uart --dir=/tmp/alt6243_4440888791794096497.dir/0004_jtag_uart_gen/ --quartus_dir=/home/pcmonkey/altera/13.1/quartus --verilog --config=/tmp/alt6243_4440888791794096497.dir/0004_jtag_uart_gen//nios2_c_jtag_uart_component_configuration.pl  --do_build_sim=0  ]
Info: jtag_uart: Done RTL generation for module 'nios2_c_jtag_uart'
Info: jtag_uart: "nios2_c" instantiated altera_avalon_jtag_uart "jtag_uart"
Info: sysid_qsys_0: "nios2_c" instantiated altera_avalon_sysid_qsys "sysid_qsys_0"
Info: mm_clock_crossing_bridge_0: "nios2_c" instantiated altera_avalon_mm_clock_crossing_bridge "mm_clock_crossing_bridge_0"
Info: tightly_coupled_data_memory: Starting RTL generation for module 'nios2_c_tightly_coupled_data_memory'
Info: tightly_coupled_data_memory:   Generation command is [exec /home/pcmonkey/altera/13.1/quartus/linux/perl/bin/perl -I /home/pcmonkey/altera/13.1/quartus/linux/perl/lib -I /home/pcmonkey/altera/13.1/quartus/sopc_builder/bin/europa -I /home/pcmonkey/altera/13.1/quartus/sopc_builder/bin/perl_lib -I /home/pcmonkey/altera/13.1/quartus/sopc_builder/bin -I /home/pcmonkey/altera/13.1/quartus/../ip/altera/sopc_builder_ip/common -I /home/pcmonkey/altera/13.1/quartus/../ip/altera/sopc_builder_ip/altera_avalon_onchip_memory2 -- /home/pcmonkey/altera/13.1/quartus/../ip/altera/sopc_builder_ip/altera_avalon_onchip_memory2/generate_rtl.pl --name=nios2_c_tightly_coupled_data_memory --dir=/tmp/alt6243_4440888791794096497.dir/0006_tightly_coupled_data_memory_gen/ --quartus_dir=/home/pcmonkey/altera/13.1/quartus --verilog --config=/tmp/alt6243_4440888791794096497.dir/0006_tightly_coupled_data_memory_gen//nios2_c_tightly_coupled_data_memory_component_configuration.pl  --do_build_sim=0  ]
Info: tightly_coupled_data_memory: Done RTL generation for module 'nios2_c_tightly_coupled_data_memory'
Info: tightly_coupled_data_memory: "nios2_c" instantiated altera_avalon_onchip_memory2 "tightly_coupled_data_memory"
Info: key: Starting RTL generation for module 'nios2_c_key'
Info: key:   Generation command is [exec /home/pcmonkey/altera/13.1/quartus/linux/perl/bin/perl -I /home/pcmonkey/altera/13.1/quartus/linux/perl/lib -I /home/pcmonkey/altera/13.1/quartus/sopc_builder/bin/europa -I /home/pcmonkey/altera/13.1/quartus/sopc_builder/bin/perl_lib -I /home/pcmonkey/altera/13.1/quartus/sopc_builder/bin -I /home/pcmonkey/altera/13.1/quartus/../ip/altera/sopc_builder_ip/common -I /home/pcmonkey/altera/13.1/quartus/../ip/altera/sopc_builder_ip/altera_avalon_pio -- /home/pcmonkey/altera/13.1/quartus/../ip/altera/sopc_builder_ip/altera_avalon_pio/generate_rtl.pl --name=nios2_c_key --dir=/tmp/alt6243_4440888791794096497.dir/0007_key_gen/ --quartus_dir=/home/pcmonkey/altera/13.1/quartus --verilog --config=/tmp/alt6243_4440888791794096497.dir/0007_key_gen//nios2_c_key_component_configuration.pl  --do_build_sim=0  ]
Info: key: Done RTL generation for module 'nios2_c_key'
Info: key: "nios2_c" instantiated altera_avalon_pio "key"
Info: timer_0: Starting RTL generation for module 'nios2_c_timer_0'
Info: timer_0:   Generation command is [exec /home/pcmonkey/altera/13.1/quartus/linux//perl/bin/perl -I /home/pcmonkey/altera/13.1/quartus/linux//perl/lib -I /home/pcmonkey/altera/13.1/quartus/sopc_builder/bin/europa -I /home/pcmonkey/altera/13.1/quartus/sopc_builder/bin/perl_lib -I /home/pcmonkey/altera/13.1/quartus/sopc_builder/bin -I /home/pcmonkey/altera/13.1/quartus/../ip/altera/sopc_builder_ip/common -I /home/pcmonkey/altera/13.1/quartus/../ip/altera/sopc_builder_ip/altera_avalon_timer -- /home/pcmonkey/altera/13.1/quartus/../ip/altera/sopc_builder_ip/altera_avalon_timer/generate_rtl.pl --name=nios2_c_timer_0 --dir=/tmp/alt6243_4440888791794096497.dir/0008_timer_0_gen/ --quartus_dir=/home/pcmonkey/altera/13.1/quartus --verilog --config=/tmp/alt6243_4440888791794096497.dir/0008_timer_0_gen//nios2_c_timer_0_component_configuration.pl  --do_build_sim=0  ]
Info: timer_0: Done RTL generation for module 'nios2_c_timer_0'
Info: timer_0: "nios2_c" instantiated altera_avalon_timer "timer_0"
Info: ledg: Starting RTL generation for module 'nios2_c_ledg'
Info: ledg:   Generation command is [exec /home/pcmonkey/altera/13.1/quartus/linux/perl/bin/perl -I /home/pcmonkey/altera/13.1/quartus/linux/perl/lib -I /home/pcmonkey/altera/13.1/quartus/sopc_builder/bin/europa -I /home/pcmonkey/altera/13.1/quartus/sopc_builder/bin/perl_lib -I /home/pcmonkey/altera/13.1/quartus/sopc_builder/bin -I /home/pcmonkey/altera/13.1/quartus/../ip/altera/sopc_builder_ip/common -I /home/pcmonkey/altera/13.1/quartus/../ip/altera/sopc_builder_ip/altera_avalon_pio -- /home/pcmonkey/altera/13.1/quartus/../ip/altera/sopc_builder_ip/altera_avalon_pio/generate_rtl.pl --name=nios2_c_ledg --dir=/tmp/alt6243_4440888791794096497.dir/0009_ledg_gen/ --quartus_dir=/home/pcmonkey/altera/13.1/quartus --verilog --config=/tmp/alt6243_4440888791794096497.dir/0009_ledg_gen//nios2_c_ledg_component_configuration.pl  --do_build_sim=0  ]
Info: ledg: Done RTL generation for module 'nios2_c_ledg'
Info: ledg: "nios2_c" instantiated altera_avalon_pio "ledg"
Info: to_hex: Starting RTL generation for module 'nios2_c_to_hex'
Info: to_hex:   Generation command is [exec /home/pcmonkey/altera/13.1/quartus/linux/perl/bin/perl -I /home/pcmonkey/altera/13.1/quartus/linux/perl/lib -I /home/pcmonkey/altera/13.1/quartus/sopc_builder/bin/europa -I /home/pcmonkey/altera/13.1/quartus/sopc_builder/bin/perl_lib -I /home/pcmonkey/altera/13.1/quartus/sopc_builder/bin -I /home/pcmonkey/altera/13.1/quartus/../ip/altera/sopc_builder_ip/common -I /home/pcmonkey/altera/13.1/quartus/../ip/altera/sopc_builder_ip/altera_avalon_pio -- /home/pcmonkey/altera/13.1/quartus/../ip/altera/sopc_builder_ip/altera_avalon_pio/generate_rtl.pl --name=nios2_c_to_hex --dir=/tmp/alt6243_4440888791794096497.dir/0010_to_hex_gen/ --quartus_dir=/home/pcmonkey/altera/13.1/quartus --verilog --config=/tmp/alt6243_4440888791794096497.dir/0010_to_hex_gen//nios2_c_to_hex_component_configuration.pl  --do_build_sim=0  ]
Info: to_hex: Done RTL generation for module 'nios2_c_to_hex'
Info: to_hex: "nios2_c" instantiated altera_avalon_pio "to_hex"
Info: pipeline_bridge_swap_transform: After transform: 61 modules, 202 connections
Info: No custom instruction connections, skipping transform 
Info: merlin_initial_interconnect_transform: After transform: 0 modules, 0 connections
Info: No Avalon connections, skipping transform 
Info: merlin_hierarchy_transform: After transform: 61 modules, 202 connections
Info: merlin_initial_interconnect_transform: After transform: 0 modules, 0 connections
Info: No Avalon connections, skipping transform 
Info: merlin_hierarchy_transform: After transform: 61 modules, 202 connections
Info: merlin_initial_interconnect_transform: After transform: 0 modules, 0 connections
Info: No Avalon connections, skipping transform 
Info: merlin_hierarchy_transform: After transform: 61 modules, 202 connections
Info: merlin_initial_interconnect_transform: After transform: 0 modules, 0 connections
Info: No Avalon connections, skipping transform 
Info: merlin_hierarchy_transform: After transform: 61 modules, 202 connections
Info: merlin_initial_interconnect_transform: After transform: 0 modules, 0 connections
Info: No Avalon connections, skipping transform 
Info: merlin_hierarchy_transform: After transform: 61 modules, 202 connections
Info: merlin_initial_interconnect_transform: After transform: 0 modules, 0 connections
Info: No Avalon connections, skipping transform 
Info: merlin_hierarchy_transform: After transform: 61 modules, 202 connections
Info: merlin_initial_interconnect_transform: After transform: 0 modules, 0 connections
Info: No Avalon connections, skipping transform 
Info: merlin_hierarchy_transform: After transform: 61 modules, 202 connections
Info: mm_interconnect_0: "nios2_c" instantiated altera_merlin_interconnect_wrapper "mm_interconnect_0"
Info: pipeline_bridge_swap_transform: After transform: 33 modules, 105 connections
Info: No custom instruction connections, skipping transform 
Info: merlin_initial_interconnect_transform: After transform: 0 modules, 0 connections
Info: No Avalon connections, skipping transform 
Info: merlin_hierarchy_transform: After transform: 33 modules, 105 connections
Info: merlin_initial_interconnect_transform: After transform: 0 modules, 0 connections
Info: No Avalon connections, skipping transform 
Info: merlin_hierarchy_transform: After transform: 33 modules, 105 connections
Info: merlin_initial_interconnect_transform: After transform: 0 modules, 0 connections
Info: No Avalon connections, skipping transform 
Info: merlin_hierarchy_transform: After transform: 33 modules, 105 connections
Info: merlin_initial_interconnect_transform: After transform: 0 modules, 0 connections
Info: No Avalon connections, skipping transform 
Info: merlin_hierarchy_transform: After transform: 33 modules, 105 connections
Info: merlin_initial_interconnect_transform: After transform: 0 modules, 0 connections
Info: No Avalon connections, skipping transform 
Info: merlin_hierarchy_transform: After transform: 33 modules, 105 connections
Info: mm_interconnect_1: "nios2_c" instantiated altera_merlin_interconnect_wrapper "mm_interconnect_1"
Info: pipeline_bridge_swap_transform: After transform: 4 modules, 6 connections
Info: No custom instruction connections, skipping transform 
Info: merlin_initial_interconnect_transform: After transform: 0 modules, 0 connections
Info: No Avalon connections, skipping transform 
Info: merlin_hierarchy_transform: After transform: 4 modules, 6 connections
Info: mm_interconnect_2: "nios2_c" instantiated altera_merlin_interconnect_wrapper "mm_interconnect_2"
Info: pipeline_bridge_swap_transform: After transform: 4 modules, 6 connections
Info: No custom instruction connections, skipping transform 
Info: merlin_initial_interconnect_transform: After transform: 0 modules, 0 connections
Info: No Avalon connections, skipping transform 
Info: merlin_hierarchy_transform: After transform: 4 modules, 6 connections
Info: mm_interconnect_3: "nios2_c" instantiated altera_merlin_interconnect_wrapper "mm_interconnect_3"
Info: irq_mapper: "nios2_c" instantiated altera_irq_mapper "irq_mapper"
Info: irq_synchronizer: "nios2_c" instantiated altera_irq_clock_crosser "irq_synchronizer"
Info: rst_controller: "nios2_c" instantiated altera_reset_controller "rst_controller"
Info: cpu_instruction_master_translator: "mm_interconnect_0" instantiated altera_merlin_master_translator "cpu_instruction_master_translator"
Info: cpu_jtag_debug_module_translator: "mm_interconnect_0" instantiated altera_merlin_slave_translator "cpu_jtag_debug_module_translator"
Info: cpu_instruction_master_translator_avalon_universal_master_0_agent: "mm_interconnect_0" instantiated altera_merlin_master_agent "cpu_instruction_master_translator_avalon_universal_master_0_agent"
Info: cpu_jtag_debug_module_translator_avalon_universal_slave_0_agent: "mm_interconnect_0" instantiated altera_merlin_slave_agent "cpu_jtag_debug_module_translator_avalon_universal_slave_0_agent"
Info: cpu_jtag_debug_module_translator_avalon_universal_slave_0_agent_rsp_fifo: "mm_interconnect_0" instantiated altera_avalon_sc_fifo "cpu_jtag_debug_module_translator_avalon_universal_slave_0_agent_rsp_fifo"
Info: addr_router: "mm_interconnect_0" instantiated altera_merlin_router "addr_router"
Info: addr_router_001: "mm_interconnect_0" instantiated altera_merlin_router "addr_router_001"
Info: id_router: "mm_interconnect_0" instantiated altera_merlin_router "id_router"
Info: id_router_001: "mm_interconnect_0" instantiated altera_merlin_router "id_router_001"
Info: id_router_002: "mm_interconnect_0" instantiated altera_merlin_router "id_router_002"
Info: id_router_003: "mm_interconnect_0" instantiated altera_merlin_router "id_router_003"
Info: limiter: "mm_interconnect_0" instantiated altera_merlin_traffic_limiter "limiter"
Info: Reusing file /home/pcmonkey/fff/nios2_c/synthesis/submodules/altera_avalon_sc_fifo.v
Info: burst_adapter: "mm_interconnect_0" instantiated altera_merlin_burst_adapter "burst_adapter"
Info: cmd_xbar_demux: "mm_interconnect_0" instantiated altera_merlin_demultiplexer "cmd_xbar_demux"
Info: cmd_xbar_demux_001: "mm_interconnect_0" instantiated altera_merlin_demultiplexer "cmd_xbar_demux_001"
Info: cmd_xbar_mux: "mm_interconnect_0" instantiated altera_merlin_multiplexer "cmd_xbar_mux"
Info: cmd_xbar_mux_001: "mm_interconnect_0" instantiated altera_merlin_multiplexer "cmd_xbar_mux_001"
Info: Reusing file /home/pcmonkey/fff/nios2_c/synthesis/submodules/altera_merlin_arbitrator.sv
Info: cmd_xbar_mux_002: "mm_interconnect_0" instantiated altera_merlin_multiplexer "cmd_xbar_mux_002"
Info: Reusing file /home/pcmonkey/fff/nios2_c/synthesis/submodules/altera_merlin_arbitrator.sv
Info: cmd_xbar_mux_003: "mm_interconnect_0" instantiated altera_merlin_multiplexer "cmd_xbar_mux_003"
Info: Reusing file /home/pcmonkey/fff/nios2_c/synthesis/submodules/altera_merlin_arbitrator.sv
Info: rsp_xbar_demux: "mm_interconnect_0" instantiated altera_merlin_demultiplexer "rsp_xbar_demux"
Info: rsp_xbar_demux_001: "mm_interconnect_0" instantiated altera_merlin_demultiplexer "rsp_xbar_demux_001"
Info: rsp_xbar_demux_002: "mm_interconnect_0" instantiated altera_merlin_demultiplexer "rsp_xbar_demux_002"
Info: rsp_xbar_demux_003: "mm_interconnect_0" instantiated altera_merlin_demultiplexer "rsp_xbar_demux_003"
Info: rsp_xbar_mux: "mm_interconnect_0" instantiated altera_merlin_multiplexer "rsp_xbar_mux"
Info: Reusing file /home/pcmonkey/fff/nios2_c/synthesis/submodules/altera_merlin_arbitrator.sv
Info: rsp_xbar_mux_001: "mm_interconnect_0" instantiated altera_merlin_multiplexer "rsp_xbar_mux_001"
Info: Reusing file /home/pcmonkey/fff/nios2_c/synthesis/submodules/altera_merlin_arbitrator.sv
Info: crosser: "mm_interconnect_0" instantiated altera_avalon_st_handshake_clock_crosser "crosser"
Info: Reusing file /home/pcmonkey/fff/nios2_c/synthesis/submodules/altera_avalon_st_pipeline_base.v
Info: addr_router: "mm_interconnect_1" instantiated altera_merlin_router "addr_router"
Info: id_router: "mm_interconnect_1" instantiated altera_merlin_router "id_router"
Info: cmd_xbar_demux: "mm_interconnect_1" instantiated altera_merlin_demultiplexer "cmd_xbar_demux"
Info: cmd_xbar_mux: "mm_interconnect_1" instantiated altera_merlin_multiplexer "cmd_xbar_mux"
Info: Reusing file /home/pcmonkey/fff/nios2_c/synthesis/submodules/altera_merlin_arbitrator.sv
Info: rsp_xbar_demux: "mm_interconnect_1" instantiated altera_merlin_demultiplexer "rsp_xbar_demux"
Info: rsp_xbar_mux: "mm_interconnect_1" instantiated altera_merlin_multiplexer "rsp_xbar_mux"
Info: Reusing file /home/pcmonkey/fff/nios2_c/synthesis/submodules/altera_merlin_arbitrator.sv
Info: nios2_c: Done "nios2_c" with 51 modules, 81 files, 2228306 bytes
Info: ip-generate succeeded.
Info: Finished: Create HDL design files for synthesis
