Info: Starting: Create block symbol file (.bsf)
Info: ip-generate --project-directory=/home/pcmonkey/projects/nios2/ --output-directory=/home/pcmonkey/projects/nios2/nios2_c/ --report-file=bsf:/home/pcmonkey/projects/nios2/nios2_c.bsf --system-info=DEVICE_FAMILY="Cyclone V" --system-info=DEVICE=5CGXFC5C6F27C6 --system-info=DEVICE_SPEEDGRADE=6_H6 --component-file=/home/pcmonkey/projects/nios2/nios2_c.qsys
Progress: Loading nios2/nios2_c.qsys
Progress: Reading input file
Progress: Adding clk_0 [clock_source 13.1]
Progress: Parameterizing module clk_0
Progress: Adding cpu [altera_nios2_qsys 13.1]
Progress: Parameterizing module cpu
Progress: Adding onchip_memory [altera_avalon_onchip_memory2 13.1]
Progress: Parameterizing module onchip_memory
Progress: Adding pll_100 [altera_pll 13.1]
Progress: Parameterizing module pll_100
Progress: Adding jtag_uart [altera_avalon_jtag_uart 13.1]
Progress: Parameterizing module jtag_uart
Progress: Adding sysid_qsys_0 [altera_avalon_sysid_qsys 13.1]
Progress: Parameterizing module sysid_qsys_0
Progress: Building connections
Progress: Parameterizing connections
Progress: Validating
Progress: Done reading input file
Info: nios2_c.pll_100: The legal reference clock frequency is 5.0 MHz..800.0 MHz
Info: nios2_c.pll_100: Able to implement PLL with user settings
Info: nios2_c.sysid_qsys_0: System ID is not assigned automatically. Edit the System ID parameter to provide a unique ID
Info: nios2_c.sysid_qsys_0: Time stamp will be automatically updated when this component is generated.
Info: ip-generate succeeded.
Info: Finished: Create block symbol file (.bsf)
Info: 
Info: Starting: Create HDL design files for synthesis
Info: ip-generate --project-directory=/home/pcmonkey/projects/nios2/ --output-directory=/home/pcmonkey/projects/nios2/nios2_c/synthesis/ --file-set=QUARTUS_SYNTH --report-file=html:/home/pcmonkey/projects/nios2/nios2_c.html --report-file=sopcinfo:/home/pcmonkey/projects/nios2/nios2_c.sopcinfo --report-file=cmp:/home/pcmonkey/projects/nios2/nios2_c.cmp --report-file=qip:/home/pcmonkey/projects/nios2/nios2_c/synthesis/nios2_c.qip --report-file=svd --report-file=regmap:/home/pcmonkey/projects/nios2/nios2_c/synthesis/nios2_c.regmap --report-file=debuginfo:/home/pcmonkey/projects/nios2/nios2_c/synthesis/nios2_c.debuginfo --system-info=DEVICE_FAMILY="Cyclone V" --system-info=DEVICE=5CGXFC5C6F27C6 --system-info=DEVICE_SPEEDGRADE=6_H6 --component-file=/home/pcmonkey/projects/nios2/nios2_c.qsys --language=VHDL
Progress: Loading nios2/nios2_c.qsys
Progress: Reading input file
Progress: Adding clk_0 [clock_source 13.1]
Progress: Parameterizing module clk_0
Progress: Adding cpu [altera_nios2_qsys 13.1]
Progress: Parameterizing module cpu
Progress: Adding onchip_memory [altera_avalon_onchip_memory2 13.1]
Progress: Parameterizing module onchip_memory
Progress: Adding pll_100 [altera_pll 13.1]
Progress: Parameterizing module pll_100
Progress: Adding jtag_uart [altera_avalon_jtag_uart 13.1]
Progress: Parameterizing module jtag_uart
Progress: Adding sysid_qsys_0 [altera_avalon_sysid_qsys 13.1]
Progress: Parameterizing module sysid_qsys_0
Progress: Building connections
Progress: Parameterizing connections
Progress: Validating
Progress: Done reading input file
Info: nios2_c.pll_100: The legal reference clock frequency is 5.0 MHz..800.0 MHz
Info: nios2_c.pll_100: Able to implement PLL with user settings
Info: nios2_c.sysid_qsys_0: System ID is not assigned automatically. Edit the System ID parameter to provide a unique ID
Info: nios2_c.sysid_qsys_0: Time stamp will be automatically updated when this component is generated.
Info: nios2_c: Generating nios2_c "nios2_c" for QUARTUS_SYNTH
Info: pipeline_bridge_swap_transform: After transform: 6 modules, 23 connections
Info: No custom instruction connections, skipping transform 
Info: merlin_initial_interconnect_transform: After transform: 6 modules, 19 connections
Info: merlin_translator_transform: After transform: 12 modules, 43 connections
Info: merlin_domain_transform: After transform: 24 modules, 118 connections
Info: merlin_router_transform: After transform: 30 modules, 142 connections
Info: merlin_traffic_limiter_transform: After transform: 32 modules, 152 connections
Info: merlin_network_to_switch_transform: After transform: 43 modules, 184 connections
Info: Inserting clock-crossing logic between cmd_xbar_demux_001.src3 and cmd_xbar_mux_003.sink0
Info: Inserting clock-crossing logic between rsp_xbar_demux_003.src0 and rsp_xbar_mux_001.sink3
Info: com_altera_sopcmodel_transforms_avalon_ClockCrossingTransform: After transform: 45 modules, 198 connections
Info: limiter_update_transform: After transform: 45 modules, 200 connections
Info: merlin_clock_and_reset_bridge_transform: After transform: 49 modules, 249 connections
Info: merlin_hierarchy_transform: After transform: 7 modules, 28 connections
Info: merlin_mm_transform: After transform: 7 modules, 28 connections
Info: merlin_interrupt_mapper_transform: After transform: 8 modules, 32 connections
Info: reset_adaptation_transform: After transform: 11 modules, 34 connections
Info: cpu: Starting RTL generation for module 'nios2_c_cpu'
Info: cpu:   Generation command is [exec /home/pcmonkey/altera/13.1/quartus/linux/eperlcmd -I /home/pcmonkey/altera/13.1/quartus/linux/perl/lib -I /home/pcmonkey/altera/13.1/quartus/sopc_builder/bin/europa -I /home/pcmonkey/altera/13.1/quartus/sopc_builder/bin/perl_lib -I /home/pcmonkey/altera/13.1/quartus/sopc_builder/bin -I /home/pcmonkey/altera/13.1/quartus/../ip/altera/nios2_ip/altera_nios2/cpu_lib -I /home/pcmonkey/altera/13.1/quartus/../ip/altera/nios2_ip/altera_nios2/nios_lib -I /home/pcmonkey/altera/13.1/quartus/../ip/altera/nios2_ip/altera_nios2 -I /home/pcmonkey/altera/13.1/quartus/../ip/altera/nios2_ip/altera_nios2 -- /home/pcmonkey/altera/13.1/quartus/../ip/altera/nios2_ip/altera_nios2/generate_rtl.epl --name=nios2_c_cpu --dir=/tmp/alt6173_4556150189709192208.dir/0001_cpu_gen/ --quartus_dir=/home/pcmonkey/altera/13.1/quartus --verilog --config=/tmp/alt6173_4556150189709192208.dir/0001_cpu_gen//nios2_c_cpu_processor_configuration.pl  --do_build_sim=0  ]
Info: cpu: # 2014.04.13 23:00:15 (*) Starting Nios II generation
Info: cpu: # 2014.04.13 23:00:15 (*)   Checking for plaintext license.
Info: cpu: # 2014.04.13 23:00:17 (*)   Couldn't query license setup in Quartus directory /home/pcmonkey/altera/13.1/quartus
Info: cpu: # 2014.04.13 23:00:17 (*)   Defaulting to contents of LM_LICENSE_FILE environment variable
Info: cpu: # 2014.04.13 23:00:17 (*)   LM_LICENSE_FILE environment variable is empty
Info: cpu: # 2014.04.13 23:00:17 (*)   Plaintext license not found.
Info: cpu: # 2014.04.13 23:00:17 (*)   Checking for encrypted license (non-evaluation).
Info: cpu: # 2014.04.13 23:00:19 (*)   Couldn't query license setup in Quartus directory /home/pcmonkey/altera/13.1/quartus
Info: cpu: # 2014.04.13 23:00:19 (*)   Defaulting to contents of LM_LICENSE_FILE environment variable
Info: cpu: # 2014.04.13 23:00:19 (*)   LM_LICENSE_FILE environment variable is empty
Info: cpu: # 2014.04.13 23:00:19 (*)   Encrypted license not found.  Defaulting to OCP evaluation license (produces a time-limited SOF)
Info: cpu: # 2014.04.13 23:00:19 (*)   Elaborating CPU configuration settings
Info: cpu: # 2014.04.13 23:00:20 (*)   Creating all objects for CPU
Info: cpu: # 2014.04.13 23:00:20 (*)     Testbench
Info: cpu: # 2014.04.13 23:00:20 (*)     Instruction decoding
Info: cpu: # 2014.04.13 23:00:20 (*)       Instruction fields
Info: cpu: # 2014.04.13 23:00:20 (*)       Instruction decodes
Info: cpu: # 2014.04.13 23:00:21 (*)       Signals for RTL simulation waveforms
Info: cpu: # 2014.04.13 23:00:21 (*)       Instruction controls
Info: cpu: # 2014.04.13 23:00:21 (*)     Pipeline frontend
Info: cpu: # 2014.04.13 23:00:21 (*)     Pipeline backend
Info: cpu: # 2014.04.13 23:00:25 (*)   Generating RTL from CPU objects
Info: cpu: # 2014.04.13 23:00:29 (*)   Creating encrypted RTL
Info: cpu: # 2014.04.13 23:00:30 (*) Done Nios II generation
Info: cpu: Done RTL generation for module 'nios2_c_cpu'
Info: cpu: "nios2_c" instantiated altera_nios2_qsys "cpu"
Info: onchip_memory: Starting RTL generation for module 'nios2_c_onchip_memory'
Info: onchip_memory:   Generation command is [exec /home/pcmonkey/altera/13.1/quartus/linux/perl/bin/perl -I /home/pcmonkey/altera/13.1/quartus/linux/perl/lib -I /home/pcmonkey/altera/13.1/quartus/sopc_builder/bin/europa -I /home/pcmonkey/altera/13.1/quartus/sopc_builder/bin/perl_lib -I /home/pcmonkey/altera/13.1/quartus/sopc_builder/bin -I /home/pcmonkey/altera/13.1/quartus/../ip/altera/sopc_builder_ip/common -I /home/pcmonkey/altera/13.1/quartus/../ip/altera/sopc_builder_ip/altera_avalon_onchip_memory2 -- /home/pcmonkey/altera/13.1/quartus/../ip/altera/sopc_builder_ip/altera_avalon_onchip_memory2/generate_rtl.pl --name=nios2_c_onchip_memory --dir=/tmp/alt6173_4556150189709192208.dir/0002_onchip_memory_gen/ --quartus_dir=/home/pcmonkey/altera/13.1/quartus --verilog --config=/tmp/alt6173_4556150189709192208.dir/0002_onchip_memory_gen//nios2_c_onchip_memory_component_configuration.pl  --do_build_sim=0  ]
Info: onchip_memory: Done RTL generation for module 'nios2_c_onchip_memory'
Info: onchip_memory: "nios2_c" instantiated altera_avalon_onchip_memory2 "onchip_memory"
Info: pll_100: "nios2_c" instantiated altera_pll "pll_100"
Info: jtag_uart: Starting RTL generation for module 'nios2_c_jtag_uart'
Info: jtag_uart:   Generation command is [exec /home/pcmonkey/altera/13.1/quartus/linux/perl/bin/perl -I /home/pcmonkey/altera/13.1/quartus/linux/perl/lib -I /home/pcmonkey/altera/13.1/quartus/sopc_builder/bin/europa -I /home/pcmonkey/altera/13.1/quartus/sopc_builder/bin/perl_lib -I /home/pcmonkey/altera/13.1/quartus/sopc_builder/bin -I /home/pcmonkey/altera/13.1/quartus/../ip/altera/sopc_builder_ip/common -I /home/pcmonkey/altera/13.1/quartus/../ip/altera/sopc_builder_ip/altera_avalon_jtag_uart -- /home/pcmonkey/altera/13.1/quartus/../ip/altera/sopc_builder_ip/altera_avalon_jtag_uart/generate_rtl.pl --name=nios2_c_jtag_uart --dir=/tmp/alt6173_4556150189709192208.dir/0004_jtag_uart_gen/ --quartus_dir=/home/pcmonkey/altera/13.1/quartus --verilog --config=/tmp/alt6173_4556150189709192208.dir/0004_jtag_uart_gen//nios2_c_jtag_uart_component_configuration.pl  --do_build_sim=0  ]
Info: jtag_uart: Done RTL generation for module 'nios2_c_jtag_uart'
Info: jtag_uart: "nios2_c" instantiated altera_avalon_jtag_uart "jtag_uart"
Info: sysid_qsys_0: "nios2_c" instantiated altera_avalon_sysid_qsys "sysid_qsys_0"
Info: pipeline_bridge_swap_transform: After transform: 43 modules, 143 connections
Info: No custom instruction connections, skipping transform 
Info: merlin_initial_interconnect_transform: After transform: 0 modules, 0 connections
Info: No Avalon connections, skipping transform 
Info: merlin_hierarchy_transform: After transform: 43 modules, 143 connections
Info: merlin_initial_interconnect_transform: After transform: 0 modules, 0 connections
Info: No Avalon connections, skipping transform 
Info: merlin_hierarchy_transform: After transform: 43 modules, 143 connections
Info: merlin_initial_interconnect_transform: After transform: 0 modules, 0 connections
Info: No Avalon connections, skipping transform 
Info: merlin_hierarchy_transform: After transform: 43 modules, 143 connections
Info: merlin_initial_interconnect_transform: After transform: 0 modules, 0 connections
Info: No Avalon connections, skipping transform 
Info: merlin_hierarchy_transform: After transform: 43 modules, 143 connections
Info: merlin_initial_interconnect_transform: After transform: 0 modules, 0 connections
Info: No Avalon connections, skipping transform 
Info: merlin_hierarchy_transform: After transform: 43 modules, 143 connections
Info: merlin_initial_interconnect_transform: After transform: 0 modules, 0 connections
Info: No Avalon connections, skipping transform 
Info: merlin_hierarchy_transform: After transform: 43 modules, 143 connections
Info: mm_interconnect_0: "nios2_c" instantiated altera_merlin_interconnect_wrapper "mm_interconnect_0"
Info: irq_mapper: "nios2_c" instantiated altera_irq_mapper "irq_mapper"
Info: rst_controller: "nios2_c" instantiated altera_reset_controller "rst_controller"
Info: cpu_instruction_master_translator: "mm_interconnect_0" instantiated altera_merlin_master_translator "cpu_instruction_master_translator"
Info: cpu_jtag_debug_module_translator: "mm_interconnect_0" instantiated altera_merlin_slave_translator "cpu_jtag_debug_module_translator"
Info: cpu_instruction_master_translator_avalon_universal_master_0_agent: "mm_interconnect_0" instantiated altera_merlin_master_agent "cpu_instruction_master_translator_avalon_universal_master_0_agent"
Info: cpu_jtag_debug_module_translator_avalon_universal_slave_0_agent: "mm_interconnect_0" instantiated altera_merlin_slave_agent "cpu_jtag_debug_module_translator_avalon_universal_slave_0_agent"
Info: cpu_jtag_debug_module_translator_avalon_universal_slave_0_agent_rsp_fifo: "mm_interconnect_0" instantiated altera_avalon_sc_fifo "cpu_jtag_debug_module_translator_avalon_universal_slave_0_agent_rsp_fifo"
Info: addr_router: "mm_interconnect_0" instantiated altera_merlin_router "addr_router"
Info: addr_router_001: "mm_interconnect_0" instantiated altera_merlin_router "addr_router_001"
Info: id_router: "mm_interconnect_0" instantiated altera_merlin_router "id_router"
Info: id_router_003: "mm_interconnect_0" instantiated altera_merlin_router "id_router_003"
Info: limiter: "mm_interconnect_0" instantiated altera_merlin_traffic_limiter "limiter"
Info: Reusing file /home/pcmonkey/projects/nios2/nios2_c/synthesis/submodules/altera_avalon_sc_fifo.v
Info: cmd_xbar_demux: "mm_interconnect_0" instantiated altera_merlin_demultiplexer "cmd_xbar_demux"
Info: cmd_xbar_demux_001: "mm_interconnect_0" instantiated altera_merlin_demultiplexer "cmd_xbar_demux_001"
Info: cmd_xbar_mux: "mm_interconnect_0" instantiated altera_merlin_multiplexer "cmd_xbar_mux"
Info: cmd_xbar_mux_003: "mm_interconnect_0" instantiated altera_merlin_multiplexer "cmd_xbar_mux_003"
Info: Reusing file /home/pcmonkey/projects/nios2/nios2_c/synthesis/submodules/altera_merlin_arbitrator.sv
Info: rsp_xbar_demux: "mm_interconnect_0" instantiated altera_merlin_demultiplexer "rsp_xbar_demux"
Info: rsp_xbar_demux_003: "mm_interconnect_0" instantiated altera_merlin_demultiplexer "rsp_xbar_demux_003"
Info: rsp_xbar_mux: "mm_interconnect_0" instantiated altera_merlin_multiplexer "rsp_xbar_mux"
Info: Reusing file /home/pcmonkey/projects/nios2/nios2_c/synthesis/submodules/altera_merlin_arbitrator.sv
Info: rsp_xbar_mux_001: "mm_interconnect_0" instantiated altera_merlin_multiplexer "rsp_xbar_mux_001"
Info: Reusing file /home/pcmonkey/projects/nios2/nios2_c/synthesis/submodules/altera_merlin_arbitrator.sv
Info: crosser: "mm_interconnect_0" instantiated altera_avalon_st_handshake_clock_crosser "crosser"
Info: Reusing file /home/pcmonkey/projects/nios2/nios2_c/synthesis/submodules/altera_avalon_st_pipeline_base.v
Info: nios2_c: Done "nios2_c" with 28 modules, 53 files, 2645226 bytes
Info: ip-generate succeeded.
Info: Finished: Create HDL design files for synthesis
