
**** Build of configuration Nios II for project final_tsp_bsp ****

make all 
[BSP build complete]

**** Build Finished ****

**** Build of configuration Nios II for project final_tsp ****

make all 
Info: Building ../final_tsp_bsp/
make --no-print-directory -C ../final_tsp_bsp/
[BSP build complete]
[final_tsp build complete]

**** Build Finished ****

**** Build of configuration Nios II for project final_tsp ****

make all 
Info: Building ../final_tsp_bsp/
make --no-print-directory -C ../final_tsp_bsp/
[BSP build complete]
[final_tsp build complete]

**** Build Finished ****

**** Build of configuration Nios II for project final_tsp_bsp ****

make all 
[BSP build complete]

**** Build Finished ****

**** Build of configuration Nios II for project final_tsp ****

make all 
Info: Building ../final_tsp_bsp/
make --no-print-directory -C ../final_tsp_bsp/
[BSP build complete]
[final_tsp build complete]

**** Build Finished ****

**** Build of configuration Nios II for project final_tsp ****

make all 
Info: Building ../final_tsp_bsp/
make --no-print-directory -C ../final_tsp_bsp/
[BSP build complete]
Info: Compiling hello_world.c to obj/default/hello_world.o
nios2-elf-gcc -xc -MP -MMD -c -I../final_tsp_bsp//HAL/inc -I../final_tsp_bsp/ -I../final_tsp_bsp//drivers/inc  -DSYSTEM_BUS_WIDTH=32 -pipe -D__hal__ -DALT_NO_INSTRUCTION_EMULATION -DALT_SINGLE_THREADED    -O0 -g -Wall   -mhw-div -mno-hw-mul -mno-hw-mulx  -o obj/default/hello_world.o hello_world.c
Info: Linking final_tsp.elf
hello_world.c: In function 'MainMap':
nios2-elf-g++  -T'../final_tsp_bsp//linker.x' -msys-crt0='../final_tsp_bsp//obj/HAL/src/crt0.o' -msys-lib=hal_bsp -L../final_tsp_bsp/   -Wl,-Map=final_tsp.map   -O0 -g -Wall   -mhw-div -mno-hw-mul -mno-hw-mulx  -o final_tsp.elf obj/default/hello_world.o -lm 
hello_world.c:200:8: warning: too many arguments for format [-Wformat-extra-args]
nios2-elf-insert final_tsp.elf --thread_model hal --cpu_name cpu --qsys true --simulation_enabled false --id 74565 --sidp 0x49008 --timestamp 1403436289 --stderr_dev jtag_uart --stdin_dev jtag_uart --stdout_dev jtag_uart --sopc_system_name nios2_c --quartus_project_dir "/home/pcmonkey/fff" --sopcinfo /home/pcmonkey/fff/software/final_tsp_bsp/../../nios2_c.sopcinfo
hello_world.c:200:8: warning: too many arguments for format [-Wformat-extra-args]
hello_world.c:205:11: warning: too many arguments for format [-Wformat-extra-args]
hello_world.c:205:11: warning: too many arguments for format [-Wformat-extra-args]
hello_world.c:210:8: warning: too many arguments for format [-Wformat-extra-args]
hello_world.c:210:8: warning: too many arguments for format [-Wformat-extra-args]
hello_world.c:215:8: warning: too many arguments for format [-Wformat-extra-args]
hello_world.c:215:8: warning: too many arguments for format [-Wformat-extra-args]
hello_world.c:220:8: warning: too many arguments for format [-Wformat-extra-args]
hello_world.c:220:8: warning: too many arguments for format [-Wformat-extra-args]
hello_world.c:225:8: warning: too many arguments for format [-Wformat-extra-args]
hello_world.c:225:8: warning: too many arguments for format [-Wformat-extra-args]
hello_world.c:235:5: warning: too many arguments for format [-Wformat-extra-args]
hello_world.c:235:5: warning: too many arguments for format [-Wformat-extra-args]
hello_world.c: In function 'MainCalc':
hello_world.c:273:8: warning: too many arguments for format [-Wformat-extra-args]
hello_world.c:273:8: warning: too many arguments for format [-Wformat-extra-args]
hello_world.c:278:11: warning: too many arguments for format [-Wformat-extra-args]
hello_world.c:278:11: warning: too many arguments for format [-Wformat-extra-args]
hello_world.c:283:8: warning: too many arguments for format [-Wformat-extra-args]
hello_world.c:283:8: warning: too many arguments for format [-Wformat-extra-args]
hello_world.c:288:8: warning: too many arguments for format [-Wformat-extra-args]
hello_world.c:288:8: warning: too many arguments for format [-Wformat-extra-args]
hello_world.c:293:8: warning: too many arguments for format [-Wformat-extra-args]
hello_world.c:293:8: warning: too many arguments for format [-Wformat-extra-args]
hello_world.c:298:8: warning: too many arguments for format [-Wformat-extra-args]
hello_world.c:298:8: warning: too many arguments for format [-Wformat-extra-args]
hello_world.c:308:5: warning: too many arguments for format [-Wformat-extra-args]
hello_world.c:308:5: warning: too many arguments for format [-Wformat-extra-args]
hello_world.c: In function 'MainMenu':
hello_world.c:319:8: warning: unused variable 'pf' [-Wunused-variable]
Info: (final_tsp.elf) 65 KBytes program size (code + initialized data).
Info:                 5832 Bytes free for stack + heap.
Info: Creating final_tsp.objdump
nios2-elf-objdump --disassemble --syms --all-header --source final_tsp.elf >final_tsp.objdump
[final_tsp build complete]

**** Build Finished ****

**** Build of configuration Nios II for project final_tsp_bsp ****

make all 
[BSP build complete]

**** Build Finished ****

**** Build of configuration Nios II for project final_tsp ****

make all 
Info: Building ../final_tsp_bsp/
make --no-print-directory -C ../final_tsp_bsp/
[BSP build complete]
[final_tsp build complete]

**** Build Finished ****
