EDA Netlist Writer report for nios2_c
Sun Apr 13 22:26:54 2014
Quartus II 32-bit Version 13.1.0 Build 162 10/23/2013 SJ Web Edition


---------------------
; Table of Contents ;
---------------------
  1. Legal Notice
  2. EDA Netlist Writer Summary
  3. EDA Netlist Writer Messages



----------------
; Legal Notice ;
----------------
Copyright (C) 1991-2013 Altera Corporation
Your use of Altera Corporation's design tools, logic functions 
and other software and tools, and its AMPP partner logic 
functions, and any output files from any of the foregoing 
(including device programming or simulation files), and any 
associated documentation or information are expressly subject 
to the terms and conditions of the Altera Program License 
Subscription Agreement, Altera MegaCore Function License 
Agreement, or other applicable license agreement, including, 
without limitation, that your use is for the sole purpose of 
programming logic devices manufactured by Altera and sold by 
Altera or its authorized distributors.  Please refer to the 
applicable agreement for further details.



+---------------------------------------------------------------+
; EDA Netlist Writer Summary                                    ;
+---------------------------+-----------------------------------+
; EDA Netlist Writer Status ; Failed - Sun Apr 13 22:26:54 2014 ;
; Revision Name             ; nios2_c                           ;
; Top-level Entity Name     ; top                               ;
; Family                    ; Cyclone V                         ;
+---------------------------+-----------------------------------+


+-----------------------------+
; EDA Netlist Writer Messages ;
+-----------------------------+
Info: *******************************************************************
Info: Running Quartus II 32-bit EDA Netlist Writer
    Info: Version 13.1.0 Build 162 10/23/2013 SJ Web Edition
    Info: Processing started: Sun Apr 13 22:26:52 2014
Info: Command: quartus_eda --read_settings_files=off --write_settings_files=off nios2_c -c nios2_c
Error (204012): Can't generate netlist output files because the file "/home/pcmonkey/projects/nios2/nios2_c/synthesis/submodules/nios2_c_cpu.v" is an OpenCore Plus time-limited file
Error (204009): Can't generate netlist output files because the license for encrypted file "/home/pcmonkey/projects/nios2/nios2_c/synthesis/submodules/nios2_c_cpu.v" is not available
Error (204012): Can't generate netlist output files because the file "/home/pcmonkey/projects/nios2/nios2_c/synthesis/submodules/nios2_c_cpu.v" is an OpenCore Plus time-limited file
Error (204009): Can't generate netlist output files because the license for encrypted file "/home/pcmonkey/projects/nios2/nios2_c/synthesis/submodules/nios2_c_cpu.v" is not available
Error (204012): Can't generate netlist output files because the file "/home/pcmonkey/projects/nios2/nios2_c/synthesis/submodules/nios2_c_cpu.v" is an OpenCore Plus time-limited file
Error (204009): Can't generate netlist output files because the license for encrypted file "/home/pcmonkey/projects/nios2/nios2_c/synthesis/submodules/nios2_c_cpu.v" is not available
Error: Quartus II 32-bit EDA Netlist Writer was unsuccessful. 6 errors, 0 warnings
    Error: Peak virtual memory: 430 megabytes
    Error: Processing ended: Sun Apr 13 22:26:55 2014
    Error: Elapsed time: 00:00:03
    Error: Total CPU time (on all processors): 00:00:03


