Flow report for nios2_c
Sun Jun 22 14:36:00 2014
Quartus II 32-bit Version 13.1.0 Build 162 10/23/2013 SJ Web Edition


---------------------
; Table of Contents ;
---------------------
  1. Legal Notice
  2. Flow Summary
  3. Flow Settings
  4. Flow Non-Default Global Settings
  5. Flow Elapsed Time
  6. Flow OS Summary
  7. Flow Log
  8. Flow Messages
  9. Flow Suppressed Messages



----------------
; Legal Notice ;
----------------
Copyright (C) 1991-2013 Altera Corporation
Your use of Altera Corporation's design tools, logic functions 
and other software and tools, and its AMPP partner logic 
functions, and any output files from any of the foregoing 
(including device programming or simulation files), and any 
associated documentation or information are expressly subject 
to the terms and conditions of the Altera Program License 
Subscription Agreement, Altera MegaCore Function License 
Agreement, or other applicable license agreement, including, 
without limitation, that your use is for the sole purpose of 
programming logic devices manufactured by Altera and sold by 
Altera or its authorized distributors.  Please refer to the 
applicable agreement for further details.



+------------------------------------------------------------------------------+
; Flow Summary                                                                 ;
+---------------------------------+--------------------------------------------+
; Flow Status                     ; Successful - Sun Jun 22 14:35:11 2014      ;
; Quartus II 32-bit Version       ; 13.1.0 Build 162 10/23/2013 SJ Web Edition ;
; Revision Name                   ; nios2_c                                    ;
; Top-level Entity Name           ; top                                        ;
; Family                          ; Cyclone V                                  ;
; Device                          ; 5CGXFC5C6F27C6                             ;
; Timing Models                   ; Final                                      ;
; Logic utilization (in ALMs)     ; 2,082 / 29,080 ( 7 % )                     ;
; Total registers                 ; 3268                                       ;
; Total pins                      ; 27 / 364 ( 7 % )                           ;
; Total virtual pins              ; 0                                          ;
; Total block memory bits         ; 1,087,900 / 4,567,040 ( 24 % )             ;
; Total DSP Blocks                ; 0 / 150 ( 0 % )                            ;
; Total HSSI RX PCSs              ; 0 / 6 ( 0 % )                              ;
; Total HSSI PMA RX Deserializers ; 0 / 6 ( 0 % )                              ;
; Total HSSI TX PCSs              ; 0 / 6 ( 0 % )                              ;
; Total HSSI TX Channels          ; 0 / 6 ( 0 % )                              ;
; Total PLLs                      ; 1 / 12 ( 8 % )                             ;
; Total DLLs                      ; 0 / 4 ( 0 % )                              ;
+---------------------------------+--------------------------------------------+


+-----------------------------------------+
; Flow Settings                           ;
+-------------------+---------------------+
; Option            ; Setting             ;
+-------------------+---------------------+
; Start date & time ; 06/22/2014 14:31:19 ;
; Main task         ; Compilation         ;
; Revision Name     ; nios2_c             ;
+-------------------+---------------------+


+---------------------------------------------------------------------------------------------------------------------------------------------------------------------------------+
; Flow Non-Default Global Settings                                                                                                                                                ;
+-------------------------------------+-----------------------------------------------------------+---------------+----------------------------------------------+----------------+
; Assignment Name                     ; Value                                                     ; Default Value ; Entity Name                                  ; Section Id     ;
+-------------------------------------+-----------------------------------------------------------+---------------+----------------------------------------------+----------------+
; COMPILER_SIGNATURE_ID               ; 35774999364663.140343667923139                            ; --            ; --                                           ; --             ;
; EDA_OUTPUT_DATA_FORMAT              ; None                                                      ; --            ; --                                           ; eda_simulation ;
; IP_TOOL_ENV                         ; Qsys                                                      ; --            ; altera_avalon_mm_clock_crossing_bridge       ; --             ;
; IP_TOOL_ENV                         ; Qsys                                                      ; --            ; altera_avalon_sc_fifo                        ; --             ;
; IP_TOOL_ENV                         ; Qsys                                                      ; --            ; altera_avalon_st_handshake_clock_crosser     ; --             ;
; IP_TOOL_ENV                         ; Qsys                                                      ; --            ; altera_irq_clock_crosser                     ; --             ;
; IP_TOOL_ENV                         ; Qsys                                                      ; --            ; altera_merlin_burst_adapter                  ; --             ;
; IP_TOOL_ENV                         ; Qsys                                                      ; --            ; altera_merlin_master_agent                   ; --             ;
; IP_TOOL_ENV                         ; Qsys                                                      ; --            ; altera_merlin_master_translator              ; --             ;
; IP_TOOL_ENV                         ; Qsys                                                      ; --            ; altera_merlin_slave_agent                    ; --             ;
; IP_TOOL_ENV                         ; Qsys                                                      ; --            ; altera_merlin_slave_translator               ; --             ;
; IP_TOOL_ENV                         ; Qsys                                                      ; --            ; altera_merlin_traffic_limiter                ; --             ;
; IP_TOOL_ENV                         ; Qsys                                                      ; --            ; altera_reset_controller                      ; --             ;
; IP_TOOL_ENV                         ; Qsys                                                      ; --            ; --                                           ; --             ;
; IP_TOOL_ENV                         ; Qsys                                                      ; --            ; nios2_c_cpu                                  ; --             ;
; IP_TOOL_ENV                         ; Qsys                                                      ; --            ; nios2_c_irq_mapper                           ; --             ;
; IP_TOOL_ENV                         ; Qsys                                                      ; --            ; nios2_c_jtag_uart                            ; --             ;
; IP_TOOL_ENV                         ; Qsys                                                      ; --            ; nios2_c_key                                  ; --             ;
; IP_TOOL_ENV                         ; Qsys                                                      ; --            ; nios2_c_ledg                                 ; --             ;
; IP_TOOL_ENV                         ; Qsys                                                      ; --            ; nios2_c_mm_interconnect_0                    ; --             ;
; IP_TOOL_ENV                         ; Qsys                                                      ; --            ; nios2_c_mm_interconnect_0_addr_router        ; --             ;
; IP_TOOL_ENV                         ; Qsys                                                      ; --            ; nios2_c_mm_interconnect_0_addr_router_001    ; --             ;
; IP_TOOL_ENV                         ; Qsys                                                      ; --            ; nios2_c_mm_interconnect_0_cmd_xbar_demux     ; --             ;
; IP_TOOL_ENV                         ; Qsys                                                      ; --            ; nios2_c_mm_interconnect_0_cmd_xbar_demux_001 ; --             ;
; IP_TOOL_ENV                         ; Qsys                                                      ; --            ; nios2_c_mm_interconnect_0_cmd_xbar_mux       ; --             ;
; IP_TOOL_ENV                         ; Qsys                                                      ; --            ; nios2_c_mm_interconnect_0_cmd_xbar_mux_001   ; --             ;
; IP_TOOL_ENV                         ; Qsys                                                      ; --            ; nios2_c_mm_interconnect_0_cmd_xbar_mux_002   ; --             ;
; IP_TOOL_ENV                         ; Qsys                                                      ; --            ; nios2_c_mm_interconnect_0_cmd_xbar_mux_003   ; --             ;
; IP_TOOL_ENV                         ; Qsys                                                      ; --            ; nios2_c_mm_interconnect_0_id_router          ; --             ;
; IP_TOOL_ENV                         ; Qsys                                                      ; --            ; nios2_c_mm_interconnect_0_id_router_001      ; --             ;
; IP_TOOL_ENV                         ; Qsys                                                      ; --            ; nios2_c_mm_interconnect_0_id_router_002      ; --             ;
; IP_TOOL_ENV                         ; Qsys                                                      ; --            ; nios2_c_mm_interconnect_0_id_router_003      ; --             ;
; IP_TOOL_ENV                         ; Qsys                                                      ; --            ; nios2_c_mm_interconnect_0_rsp_xbar_demux     ; --             ;
; IP_TOOL_ENV                         ; Qsys                                                      ; --            ; nios2_c_mm_interconnect_0_rsp_xbar_demux_001 ; --             ;
; IP_TOOL_ENV                         ; Qsys                                                      ; --            ; nios2_c_mm_interconnect_0_rsp_xbar_demux_002 ; --             ;
; IP_TOOL_ENV                         ; Qsys                                                      ; --            ; nios2_c_mm_interconnect_0_rsp_xbar_demux_003 ; --             ;
; IP_TOOL_ENV                         ; Qsys                                                      ; --            ; nios2_c_mm_interconnect_0_rsp_xbar_mux       ; --             ;
; IP_TOOL_ENV                         ; Qsys                                                      ; --            ; nios2_c_mm_interconnect_0_rsp_xbar_mux_001   ; --             ;
; IP_TOOL_ENV                         ; Qsys                                                      ; --            ; nios2_c_mm_interconnect_1                    ; --             ;
; IP_TOOL_ENV                         ; Qsys                                                      ; --            ; nios2_c_mm_interconnect_1_addr_router        ; --             ;
; IP_TOOL_ENV                         ; Qsys                                                      ; --            ; nios2_c_mm_interconnect_1_cmd_xbar_demux     ; --             ;
; IP_TOOL_ENV                         ; Qsys                                                      ; --            ; nios2_c_mm_interconnect_1_cmd_xbar_mux       ; --             ;
; IP_TOOL_ENV                         ; Qsys                                                      ; --            ; nios2_c_mm_interconnect_1_id_router          ; --             ;
; IP_TOOL_ENV                         ; Qsys                                                      ; --            ; nios2_c_mm_interconnect_1_rsp_xbar_demux     ; --             ;
; IP_TOOL_ENV                         ; Qsys                                                      ; --            ; nios2_c_mm_interconnect_1_rsp_xbar_mux       ; --             ;
; IP_TOOL_ENV                         ; Qsys                                                      ; --            ; nios2_c_mm_interconnect_2                    ; --             ;
; IP_TOOL_ENV                         ; Qsys                                                      ; --            ; nios2_c_mm_interconnect_3                    ; --             ;
; IP_TOOL_ENV                         ; Qsys                                                      ; --            ; nios2_c_pll_100                              ; --             ;
; IP_TOOL_ENV                         ; Qsys                                                      ; --            ; nios2_c_sysid_qsys_0                         ; --             ;
; IP_TOOL_ENV                         ; Qsys                                                      ; --            ; nios2_c_tightly_coupled_data_memory          ; --             ;
; IP_TOOL_ENV                         ; Qsys                                                      ; --            ; nios2_c_tightly_coupled_instruction_memory   ; --             ;
; IP_TOOL_ENV                         ; Qsys                                                      ; --            ; nios2_c_timer_0                              ; --             ;
; IP_TOOL_ENV                         ; Qsys                                                      ; --            ; nios2_c_to_hex                               ; --             ;
; IP_TOOL_NAME                        ; altera_avalon_mm_clock_crossing_bridge                    ; --            ; altera_avalon_mm_clock_crossing_bridge       ; --             ;
; IP_TOOL_NAME                        ; altera_avalon_sc_fifo                                     ; --            ; altera_avalon_sc_fifo                        ; --             ;
; IP_TOOL_NAME                        ; altera_avalon_st_handshake_clock_crosser                  ; --            ; altera_avalon_st_handshake_clock_crosser     ; --             ;
; IP_TOOL_NAME                        ; altera_irq_clock_crosser                                  ; --            ; altera_irq_clock_crosser                     ; --             ;
; IP_TOOL_NAME                        ; altera_merlin_burst_adapter                               ; --            ; altera_merlin_burst_adapter                  ; --             ;
; IP_TOOL_NAME                        ; altera_merlin_master_agent                                ; --            ; altera_merlin_master_agent                   ; --             ;
; IP_TOOL_NAME                        ; altera_merlin_master_translator                           ; --            ; altera_merlin_master_translator              ; --             ;
; IP_TOOL_NAME                        ; altera_merlin_slave_agent                                 ; --            ; altera_merlin_slave_agent                    ; --             ;
; IP_TOOL_NAME                        ; altera_merlin_slave_translator                            ; --            ; altera_merlin_slave_translator               ; --             ;
; IP_TOOL_NAME                        ; altera_merlin_traffic_limiter                             ; --            ; altera_merlin_traffic_limiter                ; --             ;
; IP_TOOL_NAME                        ; altera_reset_controller                                   ; --            ; altera_reset_controller                      ; --             ;
; IP_TOOL_NAME                        ; Qsys                                                      ; --            ; --                                           ; --             ;
; IP_TOOL_NAME                        ; altera_nios2_qsys                                         ; --            ; nios2_c_cpu                                  ; --             ;
; IP_TOOL_NAME                        ; altera_irq_mapper                                         ; --            ; nios2_c_irq_mapper                           ; --             ;
; IP_TOOL_NAME                        ; altera_avalon_jtag_uart                                   ; --            ; nios2_c_jtag_uart                            ; --             ;
; IP_TOOL_NAME                        ; altera_avalon_pio                                         ; --            ; nios2_c_key                                  ; --             ;
; IP_TOOL_NAME                        ; altera_avalon_pio                                         ; --            ; nios2_c_ledg                                 ; --             ;
; IP_TOOL_NAME                        ; altera_merlin_interconnect_wrapper                        ; --            ; nios2_c_mm_interconnect_0                    ; --             ;
; IP_TOOL_NAME                        ; altera_merlin_router                                      ; --            ; nios2_c_mm_interconnect_0_addr_router        ; --             ;
; IP_TOOL_NAME                        ; altera_merlin_router                                      ; --            ; nios2_c_mm_interconnect_0_addr_router_001    ; --             ;
; IP_TOOL_NAME                        ; altera_merlin_demultiplexer                               ; --            ; nios2_c_mm_interconnect_0_cmd_xbar_demux     ; --             ;
; IP_TOOL_NAME                        ; altera_merlin_demultiplexer                               ; --            ; nios2_c_mm_interconnect_0_cmd_xbar_demux_001 ; --             ;
; IP_TOOL_NAME                        ; altera_merlin_multiplexer                                 ; --            ; nios2_c_mm_interconnect_0_cmd_xbar_mux       ; --             ;
; IP_TOOL_NAME                        ; altera_merlin_multiplexer                                 ; --            ; nios2_c_mm_interconnect_0_cmd_xbar_mux_001   ; --             ;
; IP_TOOL_NAME                        ; altera_merlin_multiplexer                                 ; --            ; nios2_c_mm_interconnect_0_cmd_xbar_mux_002   ; --             ;
; IP_TOOL_NAME                        ; altera_merlin_multiplexer                                 ; --            ; nios2_c_mm_interconnect_0_cmd_xbar_mux_003   ; --             ;
; IP_TOOL_NAME                        ; altera_merlin_router                                      ; --            ; nios2_c_mm_interconnect_0_id_router          ; --             ;
; IP_TOOL_NAME                        ; altera_merlin_router                                      ; --            ; nios2_c_mm_interconnect_0_id_router_001      ; --             ;
; IP_TOOL_NAME                        ; altera_merlin_router                                      ; --            ; nios2_c_mm_interconnect_0_id_router_002      ; --             ;
; IP_TOOL_NAME                        ; altera_merlin_router                                      ; --            ; nios2_c_mm_interconnect_0_id_router_003      ; --             ;
; IP_TOOL_NAME                        ; altera_merlin_demultiplexer                               ; --            ; nios2_c_mm_interconnect_0_rsp_xbar_demux     ; --             ;
; IP_TOOL_NAME                        ; altera_merlin_demultiplexer                               ; --            ; nios2_c_mm_interconnect_0_rsp_xbar_demux_001 ; --             ;
; IP_TOOL_NAME                        ; altera_merlin_demultiplexer                               ; --            ; nios2_c_mm_interconnect_0_rsp_xbar_demux_002 ; --             ;
; IP_TOOL_NAME                        ; altera_merlin_demultiplexer                               ; --            ; nios2_c_mm_interconnect_0_rsp_xbar_demux_003 ; --             ;
; IP_TOOL_NAME                        ; altera_merlin_multiplexer                                 ; --            ; nios2_c_mm_interconnect_0_rsp_xbar_mux       ; --             ;
; IP_TOOL_NAME                        ; altera_merlin_multiplexer                                 ; --            ; nios2_c_mm_interconnect_0_rsp_xbar_mux_001   ; --             ;
; IP_TOOL_NAME                        ; altera_merlin_interconnect_wrapper                        ; --            ; nios2_c_mm_interconnect_1                    ; --             ;
; IP_TOOL_NAME                        ; altera_merlin_router                                      ; --            ; nios2_c_mm_interconnect_1_addr_router        ; --             ;
; IP_TOOL_NAME                        ; altera_merlin_demultiplexer                               ; --            ; nios2_c_mm_interconnect_1_cmd_xbar_demux     ; --             ;
; IP_TOOL_NAME                        ; altera_merlin_multiplexer                                 ; --            ; nios2_c_mm_interconnect_1_cmd_xbar_mux       ; --             ;
; IP_TOOL_NAME                        ; altera_merlin_router                                      ; --            ; nios2_c_mm_interconnect_1_id_router          ; --             ;
; IP_TOOL_NAME                        ; altera_merlin_demultiplexer                               ; --            ; nios2_c_mm_interconnect_1_rsp_xbar_demux     ; --             ;
; IP_TOOL_NAME                        ; altera_merlin_multiplexer                                 ; --            ; nios2_c_mm_interconnect_1_rsp_xbar_mux       ; --             ;
; IP_TOOL_NAME                        ; altera_merlin_interconnect_wrapper                        ; --            ; nios2_c_mm_interconnect_2                    ; --             ;
; IP_TOOL_NAME                        ; altera_merlin_interconnect_wrapper                        ; --            ; nios2_c_mm_interconnect_3                    ; --             ;
; IP_TOOL_NAME                        ; altera_pll                                                ; --            ; nios2_c_pll_100                              ; --             ;
; IP_TOOL_NAME                        ; altera_avalon_sysid_qsys                                  ; --            ; nios2_c_sysid_qsys_0                         ; --             ;
; IP_TOOL_NAME                        ; altera_avalon_onchip_memory2                              ; --            ; nios2_c_tightly_coupled_data_memory          ; --             ;
; IP_TOOL_NAME                        ; altera_avalon_onchip_memory2                              ; --            ; nios2_c_tightly_coupled_instruction_memory   ; --             ;
; IP_TOOL_NAME                        ; altera_avalon_timer                                       ; --            ; nios2_c_timer_0                              ; --             ;
; IP_TOOL_NAME                        ; altera_avalon_pio                                         ; --            ; nios2_c_to_hex                               ; --             ;
; IP_TOOL_VERSION                     ; 13.1                                                      ; --            ; altera_avalon_mm_clock_crossing_bridge       ; --             ;
; IP_TOOL_VERSION                     ; 13.1                                                      ; --            ; altera_avalon_sc_fifo                        ; --             ;
; IP_TOOL_VERSION                     ; 13.1                                                      ; --            ; altera_avalon_st_handshake_clock_crosser     ; --             ;
; IP_TOOL_VERSION                     ; 13.1                                                      ; --            ; altera_irq_clock_crosser                     ; --             ;
; IP_TOOL_VERSION                     ; 13.1                                                      ; --            ; altera_merlin_burst_adapter                  ; --             ;
; IP_TOOL_VERSION                     ; 13.1                                                      ; --            ; altera_merlin_master_agent                   ; --             ;
; IP_TOOL_VERSION                     ; 13.1                                                      ; --            ; altera_merlin_master_translator              ; --             ;
; IP_TOOL_VERSION                     ; 13.1                                                      ; --            ; altera_merlin_slave_agent                    ; --             ;
; IP_TOOL_VERSION                     ; 13.1                                                      ; --            ; altera_merlin_slave_translator               ; --             ;
; IP_TOOL_VERSION                     ; 13.1                                                      ; --            ; altera_merlin_traffic_limiter                ; --             ;
; IP_TOOL_VERSION                     ; 13.1                                                      ; --            ; altera_reset_controller                      ; --             ;
; IP_TOOL_VERSION                     ; 13.1                                                      ; --            ; --                                           ; --             ;
; IP_TOOL_VERSION                     ; 13.1                                                      ; --            ; nios2_c_cpu                                  ; --             ;
; IP_TOOL_VERSION                     ; 13.1                                                      ; --            ; nios2_c_irq_mapper                           ; --             ;
; IP_TOOL_VERSION                     ; 13.1                                                      ; --            ; nios2_c_jtag_uart                            ; --             ;
; IP_TOOL_VERSION                     ; 13.1                                                      ; --            ; nios2_c_key                                  ; --             ;
; IP_TOOL_VERSION                     ; 13.1                                                      ; --            ; nios2_c_ledg                                 ; --             ;
; IP_TOOL_VERSION                     ; 13.1                                                      ; --            ; nios2_c_mm_interconnect_0                    ; --             ;
; IP_TOOL_VERSION                     ; 13.1                                                      ; --            ; nios2_c_mm_interconnect_0_addr_router        ; --             ;
; IP_TOOL_VERSION                     ; 13.1                                                      ; --            ; nios2_c_mm_interconnect_0_addr_router_001    ; --             ;
; IP_TOOL_VERSION                     ; 13.1                                                      ; --            ; nios2_c_mm_interconnect_0_cmd_xbar_demux     ; --             ;
; IP_TOOL_VERSION                     ; 13.1                                                      ; --            ; nios2_c_mm_interconnect_0_cmd_xbar_demux_001 ; --             ;
; IP_TOOL_VERSION                     ; 13.1                                                      ; --            ; nios2_c_mm_interconnect_0_cmd_xbar_mux       ; --             ;
; IP_TOOL_VERSION                     ; 13.1                                                      ; --            ; nios2_c_mm_interconnect_0_cmd_xbar_mux_001   ; --             ;
; IP_TOOL_VERSION                     ; 13.1                                                      ; --            ; nios2_c_mm_interconnect_0_cmd_xbar_mux_002   ; --             ;
; IP_TOOL_VERSION                     ; 13.1                                                      ; --            ; nios2_c_mm_interconnect_0_cmd_xbar_mux_003   ; --             ;
; IP_TOOL_VERSION                     ; 13.1                                                      ; --            ; nios2_c_mm_interconnect_0_id_router          ; --             ;
; IP_TOOL_VERSION                     ; 13.1                                                      ; --            ; nios2_c_mm_interconnect_0_id_router_001      ; --             ;
; IP_TOOL_VERSION                     ; 13.1                                                      ; --            ; nios2_c_mm_interconnect_0_id_router_002      ; --             ;
; IP_TOOL_VERSION                     ; 13.1                                                      ; --            ; nios2_c_mm_interconnect_0_id_router_003      ; --             ;
; IP_TOOL_VERSION                     ; 13.1                                                      ; --            ; nios2_c_mm_interconnect_0_rsp_xbar_demux     ; --             ;
; IP_TOOL_VERSION                     ; 13.1                                                      ; --            ; nios2_c_mm_interconnect_0_rsp_xbar_demux_001 ; --             ;
; IP_TOOL_VERSION                     ; 13.1                                                      ; --            ; nios2_c_mm_interconnect_0_rsp_xbar_demux_002 ; --             ;
; IP_TOOL_VERSION                     ; 13.1                                                      ; --            ; nios2_c_mm_interconnect_0_rsp_xbar_demux_003 ; --             ;
; IP_TOOL_VERSION                     ; 13.1                                                      ; --            ; nios2_c_mm_interconnect_0_rsp_xbar_mux       ; --             ;
; IP_TOOL_VERSION                     ; 13.1                                                      ; --            ; nios2_c_mm_interconnect_0_rsp_xbar_mux_001   ; --             ;
; IP_TOOL_VERSION                     ; 13.1                                                      ; --            ; nios2_c_mm_interconnect_1                    ; --             ;
; IP_TOOL_VERSION                     ; 13.1                                                      ; --            ; nios2_c_mm_interconnect_1_addr_router        ; --             ;
; IP_TOOL_VERSION                     ; 13.1                                                      ; --            ; nios2_c_mm_interconnect_1_cmd_xbar_demux     ; --             ;
; IP_TOOL_VERSION                     ; 13.1                                                      ; --            ; nios2_c_mm_interconnect_1_cmd_xbar_mux       ; --             ;
; IP_TOOL_VERSION                     ; 13.1                                                      ; --            ; nios2_c_mm_interconnect_1_id_router          ; --             ;
; IP_TOOL_VERSION                     ; 13.1                                                      ; --            ; nios2_c_mm_interconnect_1_rsp_xbar_demux     ; --             ;
; IP_TOOL_VERSION                     ; 13.1                                                      ; --            ; nios2_c_mm_interconnect_1_rsp_xbar_mux       ; --             ;
; IP_TOOL_VERSION                     ; 13.1                                                      ; --            ; nios2_c_mm_interconnect_2                    ; --             ;
; IP_TOOL_VERSION                     ; 13.1                                                      ; --            ; nios2_c_mm_interconnect_3                    ; --             ;
; IP_TOOL_VERSION                     ; 13.1                                                      ; --            ; nios2_c_pll_100                              ; --             ;
; IP_TOOL_VERSION                     ; 13.1                                                      ; --            ; nios2_c_sysid_qsys_0                         ; --             ;
; IP_TOOL_VERSION                     ; 13.1                                                      ; --            ; nios2_c_tightly_coupled_data_memory          ; --             ;
; IP_TOOL_VERSION                     ; 13.1                                                      ; --            ; nios2_c_tightly_coupled_instruction_memory   ; --             ;
; IP_TOOL_VERSION                     ; 13.1                                                      ; --            ; nios2_c_timer_0                              ; --             ;
; IP_TOOL_VERSION                     ; 13.1                                                      ; --            ; nios2_c_to_hex                               ; --             ;
; MAX_CORE_JUNCTION_TEMP              ; 85                                                        ; --            ; --                                           ; --             ;
; MIN_CORE_JUNCTION_TEMP              ; 0                                                         ; --            ; --                                           ; --             ;
; MISC_FILE                           ; nios2_c/synthesis/../../nios2_c.cmp                       ; --            ; --                                           ; --             ;
; MISC_FILE                           ; nios2_c/synthesis/../../nios2_c.qsys                      ; --            ; --                                           ; --             ;
; PARTITION_COLOR                     ; 16764057                                                  ; --            ; C5G_HSMC_XCVR_LOOPBACK_TEST                  ; Top            ;
; PARTITION_COLOR                     ; 16764057                                                  ; --            ; C5G_SD_DEMO                                  ; Top            ;
; PARTITION_COLOR                     ; 16764057                                                  ; --            ; fitdebug                                     ; Top            ;
; PARTITION_COLOR                     ; 16764057                                                  ; --            ; sm                                           ; Top            ;
; PARTITION_COLOR                     ; 16764057                                                  ; --            ; top                                          ; Top            ;
; PARTITION_FITTER_PRESERVATION_LEVEL ; PLACEMENT_AND_ROUTING                                     ; --            ; C5G_HSMC_XCVR_LOOPBACK_TEST                  ; Top            ;
; PARTITION_FITTER_PRESERVATION_LEVEL ; PLACEMENT_AND_ROUTING                                     ; --            ; C5G_SD_DEMO                                  ; Top            ;
; PARTITION_FITTER_PRESERVATION_LEVEL ; PLACEMENT_AND_ROUTING                                     ; --            ; fitdebug                                     ; Top            ;
; PARTITION_FITTER_PRESERVATION_LEVEL ; PLACEMENT_AND_ROUTING                                     ; --            ; sm                                           ; Top            ;
; PARTITION_FITTER_PRESERVATION_LEVEL ; PLACEMENT_AND_ROUTING                                     ; --            ; top                                          ; Top            ;
; PARTITION_NETLIST_TYPE              ; SOURCE                                                    ; --            ; C5G_HSMC_XCVR_LOOPBACK_TEST                  ; Top            ;
; PARTITION_NETLIST_TYPE              ; SOURCE                                                    ; --            ; C5G_SD_DEMO                                  ; Top            ;
; PARTITION_NETLIST_TYPE              ; SOURCE                                                    ; --            ; fitdebug                                     ; Top            ;
; PARTITION_NETLIST_TYPE              ; SOURCE                                                    ; --            ; sm                                           ; Top            ;
; PARTITION_NETLIST_TYPE              ; SOURCE                                                    ; --            ; top                                          ; Top            ;
; POWER_BOARD_THERMAL_MODEL           ; None (CONSERVATIVE)                                       ; --            ; --                                           ; --             ;
; POWER_PRESET_COOLING_SOLUTION       ; 23 MM HEAT SINK WITH 200 LFPM AIRFLOW                     ; --            ; --                                           ; --             ;
; PROJECT_OUTPUT_DIRECTORY            ; output_files                                              ; --            ; --                                           ; --             ;
; SLD_FILE                            ; nios2_c/synthesis/nios2_c.regmap                          ; --            ; --                                           ; --             ;
; SLD_FILE                            ; nios2_c/synthesis/nios2_c.debuginfo                       ; --            ; --                                           ; --             ;
; SLD_INFO                            ; QSYS_NAME nios2_c HAS_SOPCINFO 1 GENERATION_ID 1403436289 ; --            ; --                                           ; --             ;
; SOPCINFO_FILE                       ; nios2_c/synthesis/../../nios2_c.sopcinfo                  ; --            ; --                                           ; --             ;
; SYNTHESIS_ONLY_QIP                  ; On                                                        ; --            ; --                                           ; --             ;
; TOP_LEVEL_ENTITY                    ; top                                                       ; nios2_c       ; --                                           ; --             ;
+-------------------------------------+-----------------------------------------------------------+---------------+----------------------------------------------+----------------+


+-------------------------------------------------------------------------------------------------------------------------------+
; Flow Elapsed Time                                                                                                             ;
+---------------------------+--------------+-------------------------+---------------------+------------------------------------+
; Module Name               ; Elapsed Time ; Average Processors Used ; Peak Virtual Memory ; Total CPU Time (on all processors) ;
+---------------------------+--------------+-------------------------+---------------------+------------------------------------+
; Analysis & Synthesis      ; 00:00:33     ; 1.0                     ; 544 MB              ; 00:00:33                           ;
; Fitter                    ; 00:02:33     ; 1.4                     ; 1200 MB             ; 00:03:23                           ;
; Assembler                 ; 00:00:20     ; 1.0                     ; 504 MB              ; 00:00:20                           ;
; TimeQuest Timing Analyzer ; 00:00:42     ; 1.6                     ; 712 MB              ; 00:01:06                           ;
; Total                     ; 00:04:08     ; --                      ; --                  ; 00:05:22                           ;
+---------------------------+--------------+-------------------------+---------------------+------------------------------------+


+-------------------------------------------------------------------------------------------------+
; Flow OS Summary                                                                                 ;
+---------------------------+----------------------+----------------+------------+----------------+
; Module Name               ; Machine Hostname     ; OS Name        ; OS Version ; Processor type ;
+---------------------------+----------------------+----------------+------------+----------------+
; Analysis & Synthesis      ; pcmonkey-Lenovo-G580 ; Ubuntu 12.04.4 ; 12         ; i686           ;
; Fitter                    ; pcmonkey-Lenovo-G580 ; Ubuntu 12.04.4 ; 12         ; i686           ;
; Assembler                 ; pcmonkey-Lenovo-G580 ; Ubuntu 12.04.4 ; 12         ; i686           ;
; TimeQuest Timing Analyzer ; pcmonkey-Lenovo-G580 ; Ubuntu 12.04.4 ; 12         ; i686           ;
+---------------------------+----------------------+----------------+------------+----------------+


------------
; Flow Log ;
------------
quartus_map --read_settings_files=on --write_settings_files=off nios2_c -c nios2_c
quartus_fit --read_settings_files=off --write_settings_files=off nios2_c -c nios2_c
quartus_asm --read_settings_files=off --write_settings_files=off nios2_c -c nios2_c
quartus_sta nios2_c -c nios2_c



